<?xml version="1.0" encoding="UTF-8"?>
<!-- Generated by org.testng.reporters.JUnitReportReporter -->
<testsuite skipped="0" hostname="pradeep-Vostro-3546" name="com.actitime.test.InvalidLoginTest" tests="1" failures="0" timestamp="11 Dec 2018 14:02:23 GMT" time="26.479" errors="0">
  <testcase name="testInvalidLogin" time="26.479" classname="com.actitime.test.InvalidLoginTest"/>
</testsuite> <!-- com.actitime.test.InvalidLoginTest -->
