<?xml version="1.0" encoding="UTF-8"?>
<!-- Generated by org.testng.reporters.JUnitReportReporter -->
<testsuite skipped="0" hostname="pradeep-Vostro-3546" name="com.actitime.test.VerifingVersionTest" tests="1" failures="0" timestamp="11 Dec 2018 14:02:23 GMT" time="17.009" errors="0">
  <testcase name="testVerifingVersion" time="17.009" classname="com.actitime.test.VerifingVersionTest"/>
</testsuite> <!-- com.actitime.test.VerifingVersionTest -->
